<?xml version="1.0" encoding="UTF-8"?>
<testsuite xmlns:xsi="http://www.w3.org/2001/XMLSchema-instance" xsi:noNamespaceSchemaLocation="https://maven.apache.org/surefire/maven-surefire-plugin/xsd/surefire-test-report.xsd" name="com.rabbit.rabbitplatformserver.RabbitPlatformServerApplicationTests" time="16.437" tests="3" errors="1" skipped="0" failures="0">
  <properties>
    <property name="gopherProxySet" value="false"/>
    <property name="awt.toolkit" value="sun.lwawt.macosx.LWCToolkit"/>
    <property name="file.encoding.pkg" value="sun.io"/>
    <property name="java.specification.version" value="1.8"/>
    <property name="sun.cpu.isalist" value=""/>
    <property name="sun.jnu.encoding" value="UTF-8"/>
    <property name="java.class.path" value="/Users/zhou/IdeaProjects/rabbit_test_platform_server/target/test-classes:/Users/zhou/IdeaProjects/rabbit_test_platform_server/target/classes:/Users/zhou/.m2/repository/org/springframework/boot/spring-boot-starter-jdbc/2.0.7.RELEASE/spring-boot-starter-jdbc-2.0.7.RELEASE.jar:/Users/zhou/.m2/repository/org/springframework/boot/spring-boot-starter/2.0.7.RELEASE/spring-boot-starter-2.0.7.RELEASE.jar:/Users/zhou/.m2/repository/org/springframework/boot/spring-boot-starter-logging/2.0.7.RELEASE/spring-boot-starter-logging-2.0.7.RELEASE.jar:/Users/zhou/.m2/repository/ch/qos/logback/logback-classic/1.2.3/logback-classic-1.2.3.jar:/Users/zhou/.m2/repository/ch/qos/logback/logback-core/1.2.3/logback-core-1.2.3.jar:/Users/zhou/.m2/repository/org/apache/logging/log4j/log4j-to-slf4j/2.10.0/log4j-to-slf4j-2.10.0.jar:/Users/zhou/.m2/repository/org/apache/logging/log4j/log4j-api/2.10.0/log4j-api-2.10.0.jar:/Users/zhou/.m2/repository/org/slf4j/jul-to-slf4j/1.7.25/jul-to-slf4j-1.7.25.jar:/Users/zhou/.m2/repository/javax/annotation/javax.annotation-api/1.3.2/javax.annotation-api-1.3.2.jar:/Users/zhou/.m2/repository/org/yaml/snakeyaml/1.19/snakeyaml-1.19.jar:/Users/zhou/.m2/repository/com/zaxxer/HikariCP/2.7.9/HikariCP-2.7.9.jar:/Users/zhou/.m2/repository/org/springframework/spring-jdbc/5.0.11.RELEASE/spring-jdbc-5.0.11.RELEASE.jar:/Users/zhou/.m2/repository/org/springframework/spring-tx/5.0.11.RELEASE/spring-tx-5.0.11.RELEASE.jar:/Users/zhou/.m2/repository/org/springframework/boot/spring-boot-devtools/2.0.7.RELEASE/spring-boot-devtools-2.0.7.RELEASE.jar:/Users/zhou/.m2/repository/org/springframework/boot/spring-boot/2.0.7.RELEASE/spring-boot-2.0.7.RELEASE.jar:/Users/zhou/.m2/repository/org/springframework/boot/spring-boot-autoconfigure/2.0.7.RELEASE/spring-boot-autoconfigure-2.0.7.RELEASE.jar:/Users/zhou/.m2/repository/org/springframework/boot/spring-boot-starter-security/2.0.7.RELEASE/spring-boot-starter-security-2.0.7.RELEASE.jar:/Users/zhou/.m2/repository/org/springframework/spring-aop/5.0.11.RELEASE/spring-aop-5.0.11.RELEASE.jar:/Users/zhou/.m2/repository/org/springframework/security/spring-security-config/5.0.10.RELEASE/spring-security-config-5.0.10.RELEASE.jar:/Users/zhou/.m2/repository/org/springframework/security/spring-security-web/5.0.10.RELEASE/spring-security-web-5.0.10.RELEASE.jar:/Users/zhou/.m2/repository/org/springframework/spring-expression/5.0.11.RELEASE/spring-expression-5.0.11.RELEASE.jar:/Users/zhou/.m2/repository/org/springframework/boot/spring-boot-starter-web/2.0.7.RELEASE/spring-boot-starter-web-2.0.7.RELEASE.jar:/Users/zhou/.m2/repository/org/springframework/boot/spring-boot-starter-json/2.0.7.RELEASE/spring-boot-starter-json-2.0.7.RELEASE.jar:/Users/zhou/.m2/repository/com/fasterxml/jackson/datatype/jackson-datatype-jdk8/2.9.7/jackson-datatype-jdk8-2.9.7.jar:/Users/zhou/.m2/repository/com/fasterxml/jackson/datatype/jackson-datatype-jsr310/2.9.7/jackson-datatype-jsr310-2.9.7.jar:/Users/zhou/.m2/repository/com/fasterxml/jackson/module/jackson-module-parameter-names/2.9.7/jackson-module-parameter-names-2.9.7.jar:/Users/zhou/.m2/repository/org/springframework/boot/spring-boot-starter-tomcat/2.0.7.RELEASE/spring-boot-starter-tomcat-2.0.7.RELEASE.jar:/Users/zhou/.m2/repository/org/apache/tomcat/embed/tomcat-embed-core/8.5.35/tomcat-embed-core-8.5.35.jar:/Users/zhou/.m2/repository/org/apache/tomcat/embed/tomcat-embed-el/8.5.35/tomcat-embed-el-8.5.35.jar:/Users/zhou/.m2/repository/org/apache/tomcat/embed/tomcat-embed-websocket/8.5.35/tomcat-embed-websocket-8.5.35.jar:/Users/zhou/.m2/repository/org/hibernate/validator/hibernate-validator/6.0.13.Final/hibernate-validator-6.0.13.Final.jar:/Users/zhou/.m2/repository/javax/validation/validation-api/2.0.1.Final/validation-api-2.0.1.Final.jar:/Users/zhou/.m2/repository/org/jboss/logging/jboss-logging/3.3.2.Final/jboss-logging-3.3.2.Final.jar:/Users/zhou/.m2/repository/org/springframework/spring-web/5.0.11.RELEASE/spring-web-5.0.11.RELEASE.jar:/Users/zhou/.m2/repository/org/springframework/spring-webmvc/5.0.11.RELEASE/spring-webmvc-5.0.11.RELEASE.jar:/Users/zhou/.m2/repository/org/springframework/boot/spring-boot-starter-mail/2.0.7.RELEASE/spring-boot-starter-mail-2.0.7.RELEASE.jar:/Users/zhou/.m2/repository/org/springframework/spring-context/5.0.11.RELEASE/spring-context-5.0.11.RELEASE.jar:/Users/zhou/.m2/repository/com/sun/mail/javax.mail/1.6.2/javax.mail-1.6.2.jar:/Users/zhou/.m2/repository/javax/activation/activation/1.1/activation-1.1.jar:/Users/zhou/.m2/repository/org/springframework/boot/spring-boot-starter-freemarker/2.0.7.RELEASE/spring-boot-starter-freemarker-2.0.7.RELEASE.jar:/Users/zhou/.m2/repository/org/freemarker/freemarker/2.3.28/freemarker-2.3.28.jar:/Users/zhou/.m2/repository/org/springframework/boot/spring-boot-configuration-processor/2.0.7.RELEASE/spring-boot-configuration-processor-2.0.7.RELEASE.jar:/Users/zhou/.m2/repository/org/springframework/boot/spring-boot-starter-data-redis/2.0.7.RELEASE/spring-boot-starter-data-redis-2.0.7.RELEASE.jar:/Users/zhou/.m2/repository/org/springframework/data/spring-data-redis/2.0.12.RELEASE/spring-data-redis-2.0.12.RELEASE.jar:/Users/zhou/.m2/repository/org/springframework/data/spring-data-keyvalue/2.0.12.RELEASE/spring-data-keyvalue-2.0.12.RELEASE.jar:/Users/zhou/.m2/repository/org/springframework/data/spring-data-commons/2.0.12.RELEASE/spring-data-commons-2.0.12.RELEASE.jar:/Users/zhou/.m2/repository/org/springframework/spring-oxm/5.0.11.RELEASE/spring-oxm-5.0.11.RELEASE.jar:/Users/zhou/.m2/repository/io/lettuce/lettuce-core/5.0.5.RELEASE/lettuce-core-5.0.5.RELEASE.jar:/Users/zhou/.m2/repository/io/projectreactor/reactor-core/3.1.12.RELEASE/reactor-core-3.1.12.RELEASE.jar:/Users/zhou/.m2/repository/org/reactivestreams/reactive-streams/1.0.2/reactive-streams-1.0.2.jar:/Users/zhou/.m2/repository/org/mybatis/spring/boot/mybatis-spring-boot-starter/1.3.2/mybatis-spring-boot-starter-1.3.2.jar:/Users/zhou/.m2/repository/org/mybatis/spring/boot/mybatis-spring-boot-autoconfigure/1.3.2/mybatis-spring-boot-autoconfigure-1.3.2.jar:/Users/zhou/.m2/repository/org/mybatis/mybatis/3.4.6/mybatis-3.4.6.jar:/Users/zhou/.m2/repository/org/mybatis/mybatis-spring/1.3.2/mybatis-spring-1.3.2.jar:/Users/zhou/.m2/repository/commons-io/commons-io/2.6/commons-io-2.6.jar:/Users/zhou/.m2/repository/mysql/mysql-connector-java/5.1.45/mysql-connector-java-5.1.45.jar:/Users/zhou/.m2/repository/org/projectlombok/lombok/1.18.10/lombok-1.18.10.jar:/Users/zhou/.m2/repository/org/springframework/boot/spring-boot-starter-test/2.0.7.RELEASE/spring-boot-starter-test-2.0.7.RELEASE.jar:/Users/zhou/.m2/repository/org/springframework/boot/spring-boot-test/2.0.7.RELEASE/spring-boot-test-2.0.7.RELEASE.jar:/Users/zhou/.m2/repository/org/springframework/boot/spring-boot-test-autoconfigure/2.0.7.RELEASE/spring-boot-test-autoconfigure-2.0.7.RELEASE.jar:/Users/zhou/.m2/repository/junit/junit/4.12/junit-4.12.jar:/Users/zhou/.m2/repository/org/assertj/assertj-core/3.9.1/assertj-core-3.9.1.jar:/Users/zhou/.m2/repository/org/mockito/mockito-core/2.15.0/mockito-core-2.15.0.jar:/Users/zhou/.m2/repository/net/bytebuddy/byte-buddy/1.7.11/byte-buddy-1.7.11.jar:/Users/zhou/.m2/repository/net/bytebuddy/byte-buddy-agent/1.7.11/byte-buddy-agent-1.7.11.jar:/Users/zhou/.m2/repository/org/objenesis/objenesis/2.6/objenesis-2.6.jar:/Users/zhou/.m2/repository/org/hamcrest/hamcrest-core/1.3/hamcrest-core-1.3.jar:/Users/zhou/.m2/repository/org/hamcrest/hamcrest-library/1.3/hamcrest-library-1.3.jar:/Users/zhou/.m2/repository/org/skyscreamer/jsonassert/1.5.0/jsonassert-1.5.0.jar:/Users/zhou/.m2/repository/com/vaadin/external/google/android-json/0.0.20131108.vaadin1/android-json-0.0.20131108.vaadin1.jar:/Users/zhou/.m2/repository/org/springframework/spring-core/5.0.11.RELEASE/spring-core-5.0.11.RELEASE.jar:/Users/zhou/.m2/repository/org/springframework/spring-jcl/5.0.11.RELEASE/spring-jcl-5.0.11.RELEASE.jar:/Users/zhou/.m2/repository/org/springframework/spring-test/5.0.11.RELEASE/spring-test-5.0.11.RELEASE.jar:/Users/zhou/.m2/repository/org/xmlunit/xmlunit-core/2.5.1/xmlunit-core-2.5.1.jar:/Users/zhou/.m2/repository/org/springframework/security/spring-security-test/5.0.10.RELEASE/spring-security-test-5.0.10.RELEASE.jar:/Users/zhou/.m2/repository/org/springframework/security/spring-security-core/5.0.10.RELEASE/spring-security-core-5.0.10.RELEASE.jar:/Users/zhou/.m2/repository/org/springframework/boot/spring-boot-starter-aop/2.0.7.RELEASE/spring-boot-starter-aop-2.0.7.RELEASE.jar:/Users/zhou/.m2/repository/org/aspectj/aspectjweaver/1.8.13/aspectjweaver-1.8.13.jar:/Users/zhou/.m2/repository/io/springfox/springfox-swagger2/2.9.2/springfox-swagger2-2.9.2.jar:/Users/zhou/.m2/repository/io/swagger/swagger-annotations/1.5.20/swagger-annotations-1.5.20.jar:/Users/zhou/.m2/repository/io/swagger/swagger-models/1.5.20/swagger-models-1.5.20.jar:/Users/zhou/.m2/repository/com/fasterxml/jackson/core/jackson-annotations/2.9.0/jackson-annotations-2.9.0.jar:/Users/zhou/.m2/repository/io/springfox/springfox-spi/2.9.2/springfox-spi-2.9.2.jar:/Users/zhou/.m2/repository/io/springfox/springfox-core/2.9.2/springfox-core-2.9.2.jar:/Users/zhou/.m2/repository/io/springfox/springfox-schema/2.9.2/springfox-schema-2.9.2.jar:/Users/zhou/.m2/repository/io/springfox/springfox-swagger-common/2.9.2/springfox-swagger-common-2.9.2.jar:/Users/zhou/.m2/repository/io/springfox/springfox-spring-web/2.9.2/springfox-spring-web-2.9.2.jar:/Users/zhou/.m2/repository/com/google/guava/guava/20.0/guava-20.0.jar:/Users/zhou/.m2/repository/com/fasterxml/classmate/1.3.4/classmate-1.3.4.jar:/Users/zhou/.m2/repository/org/slf4j/slf4j-api/1.7.25/slf4j-api-1.7.25.jar:/Users/zhou/.m2/repository/org/springframework/plugin/spring-plugin-core/1.2.0.RELEASE/spring-plugin-core-1.2.0.RELEASE.jar:/Users/zhou/.m2/repository/org/springframework/plugin/spring-plugin-metadata/1.2.0.RELEASE/spring-plugin-metadata-1.2.0.RELEASE.jar:/Users/zhou/.m2/repository/org/mapstruct/mapstruct/1.2.0.Final/mapstruct-1.2.0.Final.jar:/Users/zhou/.m2/repository/io/springfox/springfox-swagger-ui/2.9.2/springfox-swagger-ui-2.9.2.jar:/Users/zhou/.m2/repository/commons-codec/commons-codec/1.11/commons-codec-1.11.jar:/Users/zhou/.m2/repository/com/github/pagehelper/pagehelper-spring-boot-starter/1.2.5/pagehelper-spring-boot-starter-1.2.5.jar:/Users/zhou/.m2/repository/com/github/pagehelper/pagehelper-spring-boot-autoconfigure/1.2.5/pagehelper-spring-boot-autoconfigure-1.2.5.jar:/Users/zhou/.m2/repository/com/github/pagehelper/pagehelper/5.1.4/pagehelper-5.1.4.jar:/Users/zhou/.m2/repository/com/github/jsqlparser/jsqlparser/1.0/jsqlparser-1.0.jar:/Users/zhou/.m2/repository/com/alibaba/druid-spring-boot-starter/1.1.10/druid-spring-boot-starter-1.1.10.jar:/Users/zhou/.m2/repository/com/alibaba/druid/1.1.10/druid-1.1.10.jar:/Users/zhou/.m2/repository/com/alibaba/fastjson/1.2.60/fastjson-1.2.60.jar:/Users/zhou/.m2/repository/org/apache/commons/commons-lang3/3.7/commons-lang3-3.7.jar:/Users/zhou/.m2/repository/io/jsonwebtoken/jjwt/0.9.0/jjwt-0.9.0.jar:/Users/zhou/.m2/repository/com/fasterxml/jackson/core/jackson-databind/2.9.7/jackson-databind-2.9.7.jar:/Users/zhou/.m2/repository/com/fasterxml/jackson/core/jackson-core/2.9.7/jackson-core-2.9.7.jar:/Users/zhou/.m2/repository/org/apache/commons/commons-collections4/4.0/commons-collections4-4.0.jar:/Users/zhou/.m2/repository/org/quartz-scheduler/quartz/2.3.0/quartz-2.3.0.jar:/Users/zhou/.m2/repository/com/mchange/mchange-commons-java/0.2.11/mchange-commons-java-0.2.11.jar:/Users/zhou/.m2/repository/org/springframework/spring-context-support/5.0.11.RELEASE/spring-context-support-5.0.11.RELEASE.jar:/Users/zhou/.m2/repository/org/springframework/spring-beans/5.0.11.RELEASE/spring-beans-5.0.11.RELEASE.jar:/Users/zhou/.m2/repository/com/caucho/hessian/4.0.62/hessian-4.0.62.jar:/Users/zhou/.m2/repository/net/lingala/zip4j/zip4j/1.3.3/zip4j-1.3.3.jar:/Users/zhou/.m2/repository/dom4j/dom4j/1.6.1/dom4j-1.6.1.jar:/Users/zhou/.m2/repository/xml-apis/xml-apis/1.4.01/xml-apis-1.4.01.jar:/Users/zhou/.m2/repository/org/apache/commons/commons-text/1.8/commons-text-1.8.jar:/Users/zhou/.m2/repository/io/rest-assured/rest-assured/4.2.0/rest-assured-4.2.0.jar:/Users/zhou/.m2/repository/org/codehaus/groovy/groovy/2.4.15/groovy-2.4.15.jar:/Users/zhou/.m2/repository/org/codehaus/groovy/groovy-xml/2.4.15/groovy-xml-2.4.15.jar:/Users/zhou/.m2/repository/org/apache/httpcomponents/httpclient/4.5.6/httpclient-4.5.6.jar:/Users/zhou/.m2/repository/org/apache/httpcomponents/httpcore/4.4.10/httpcore-4.4.10.jar:/Users/zhou/.m2/repository/org/apache/httpcomponents/httpmime/4.5.6/httpmime-4.5.6.jar:/Users/zhou/.m2/repository/org/hamcrest/hamcrest/2.1/hamcrest-2.1.jar:/Users/zhou/.m2/repository/org/ccil/cowan/tagsoup/tagsoup/1.2.1/tagsoup-1.2.1.jar:/Users/zhou/.m2/repository/io/rest-assured/json-path/4.2.0/json-path-4.2.0.jar:/Users/zhou/.m2/repository/org/codehaus/groovy/groovy-json/2.4.15/groovy-json-2.4.15.jar:/Users/zhou/.m2/repository/io/rest-assured/rest-assured-common/4.2.0/rest-assured-common-4.2.0.jar:/Users/zhou/.m2/repository/io/rest-assured/xml-path/4.2.0/xml-path-4.2.0.jar:/Users/zhou/.m2/repository/jakarta/xml/bind/jakarta.xml.bind-api/2.3.2/jakarta.xml.bind-api-2.3.2.jar:/Users/zhou/.m2/repository/jakarta/activation/jakarta.activation-api/1.2.1/jakarta.activation-api-1.2.1.jar:/Users/zhou/.m2/repository/com/sun/xml/bind/jaxb-osgi/2.3.0.1/jaxb-osgi-2.3.0.1.jar:/Users/zhou/.m2/repository/org/apache/sling/org.apache.sling.javax.activation/0.1.0/org.apache.sling.javax.activation-0.1.0.jar:/Users/zhou/.m2/repository/org/jsoup/jsoup/1.12.1/jsoup-1.12.1.jar:/Users/zhou/.m2/repository/com/jayway/jsonpath/json-path/2.4.0/json-path-2.4.0.jar:/Users/zhou/.m2/repository/net/minidev/json-smart/2.3/json-smart-2.3.jar:/Users/zhou/.m2/repository/net/minidev/accessors-smart/1.2/accessors-smart-1.2.jar:/Users/zhou/.m2/repository/org/ow2/asm/asm/5.0.4/asm-5.0.4.jar:/Users/zhou/.m2/repository/org/mock-server/mockserver-netty/5.9.0/mockserver-netty-5.9.0.jar:/Users/zhou/.m2/repository/org/mock-server/mockserver-client-java/5.9.0/mockserver-client-java-5.9.0.jar:/Users/zhou/.m2/repository/org/mock-server/mockserver-core/5.9.0/mockserver-core-5.9.0.jar:/Users/zhou/.m2/repository/com/lmax/disruptor/3.4.2/disruptor-3.4.2.jar:/Users/zhou/.m2/repository/javax/servlet/javax.servlet-api/3.1.0/javax.servlet-api-3.1.0.jar:/Users/zhou/.m2/repository/io/netty/netty-codec-socks/4.1.31.Final/netty-codec-socks-4.1.31.Final.jar:/Users/zhou/.m2/repository/io/netty/netty-handler-proxy/4.1.31.Final/netty-handler-proxy-4.1.31.Final.jar:/Users/zhou/.m2/repository/com/jcraft/jzlib/1.1.3/jzlib-1.1.3.jar:/Users/zhou/.m2/repository/org/apache/velocity/velocity-engine-scripting/2.1/velocity-engine-scripting-2.1.jar:/Users/zhou/.m2/repository/org/apache/velocity/velocity-engine-core/2.1/velocity-engine-core-2.1.jar:/Users/zhou/.m2/repository/com/github/java-json-tools/json-schema-validator/2.2.11/json-schema-validator-2.2.11.jar:/Users/zhou/.m2/repository/com/github/java-json-tools/json-schema-core/1.2.10/json-schema-core-1.2.10.jar:/Users/zhou/.m2/repository/com/github/java-json-tools/jackson-coreutils/1.9/jackson-coreutils-1.9.jar:/Users/zhou/.m2/repository/com/github/fge/msg-simple/1.1/msg-simple-1.1.jar:/Users/zhou/.m2/repository/com/github/fge/btf/1.2/btf-1.2.jar:/Users/zhou/.m2/repository/com/github/fge/uri-template/0.9/uri-template-0.9.jar:/Users/zhou/.m2/repository/org/mozilla/rhino/1.7.7.1/rhino-1.7.7.1.jar:/Users/zhou/.m2/repository/com/sun/mail/mailapi/1.6.1/mailapi-1.6.1.jar:/Users/zhou/.m2/repository/joda-time/joda-time/2.9.9/joda-time-2.9.9.jar:/Users/zhou/.m2/repository/com/googlecode/libphonenumber/libphonenumber/8.0.0/libphonenumber-8.0.0.jar:/Users/zhou/.m2/repository/com/google/code/findbugs/jsr305/3.0.2/jsr305-3.0.2.jar:/Users/zhou/.m2/repository/net/sf/jopt-simple/jopt-simple/5.0.3/jopt-simple-5.0.3.jar:/Users/zhou/.m2/repository/javax/xml/bind/jaxb-api/2.3.1/jaxb-api-2.3.1.jar:/Users/zhou/.m2/repository/javax/activation/javax.activation-api/1.2.0/javax.activation-api-1.2.0.jar:/Users/zhou/.m2/repository/io/netty/netty-buffer/4.1.31.Final/netty-buffer-4.1.31.Final.jar:/Users/zhou/.m2/repository/io/netty/netty-codec/4.1.31.Final/netty-codec-4.1.31.Final.jar:/Users/zhou/.m2/repository/io/netty/netty-codec-http/4.1.31.Final/netty-codec-http-4.1.31.Final.jar:/Users/zhou/.m2/repository/io/netty/netty-common/4.1.31.Final/netty-common-4.1.31.Final.jar:/Users/zhou/.m2/repository/io/netty/netty-handler/4.1.31.Final/netty-handler-4.1.31.Final.jar:/Users/zhou/.m2/repository/io/netty/netty-transport/4.1.31.Final/netty-transport-4.1.31.Final.jar:/Users/zhou/.m2/repository/io/netty/netty-resolver/4.1.31.Final/netty-resolver-4.1.31.Final.jar:/Users/zhou/.m2/repository/org/influxdb/influxdb-java/2.17/influxdb-java-2.17.jar:/Users/zhou/.m2/repository/com/squareup/retrofit2/retrofit/2.6.2/retrofit-2.6.2.jar:/Users/zhou/.m2/repository/com/squareup/retrofit2/converter-moshi/2.6.2/converter-moshi-2.6.2.jar:/Users/zhou/.m2/repository/com/squareup/moshi/moshi/1.8.0/moshi-1.8.0.jar:/Users/zhou/.m2/repository/org/msgpack/msgpack-core/0.8.18/msgpack-core-0.8.18.jar:/Users/zhou/.m2/repository/com/squareup/okhttp3/okhttp/3.14.4/okhttp-3.14.4.jar:/Users/zhou/.m2/repository/com/squareup/okio/okio/1.17.2/okio-1.17.2.jar:/Users/zhou/.m2/repository/com/squareup/okhttp3/logging-interceptor/3.14.4/logging-interceptor-3.14.4.jar:/Users/zhou/.m2/repository/cn/hutool/hutool-all/5.3.5/hutool-all-5.3.5.jar:"/>
    <property name="java.vm.vendor" value="Oracle Corporation"/>
    <property name="sun.arch.data.model" value="64"/>
    <property name="java.vendor.url" value="http://java.oracle.com/"/>
    <property name="user.timezone" value=""/>
    <property name="java.vm.specification.version" value="1.8"/>
    <property name="os.name" value="Mac OS X"/>
    <property name="user.country" value="CN"/>
    <property name="sun.java.launcher" value="SUN_STANDARD"/>
    <property name="sun.boot.library.path" value="/Library/Java/JavaVirtualMachines/jdk1.8.0_211.jdk/Contents/Home/jre/lib"/>
    <property name="sun.java.command" value="/Users/zhou/IdeaProjects/rabbit_test_platform_server/target/surefire/surefirebooter130307900348245558.jar /Users/zhou/IdeaProjects/rabbit_test_platform_server/target/surefire 2020-07-29T10-24-33_509-jvmRun1 surefire484352670172979766tmp surefire_05486914303234990199tmp"/>
    <property name="surefire.test.class.path" value="/Users/zhou/IdeaProjects/rabbit_test_platform_server/target/test-classes:/Users/zhou/IdeaProjects/rabbit_test_platform_server/target/classes:/Users/zhou/.m2/repository/org/springframework/boot/spring-boot-starter-jdbc/2.0.7.RELEASE/spring-boot-starter-jdbc-2.0.7.RELEASE.jar:/Users/zhou/.m2/repository/org/springframework/boot/spring-boot-starter/2.0.7.RELEASE/spring-boot-starter-2.0.7.RELEASE.jar:/Users/zhou/.m2/repository/org/springframework/boot/spring-boot-starter-logging/2.0.7.RELEASE/spring-boot-starter-logging-2.0.7.RELEASE.jar:/Users/zhou/.m2/repository/ch/qos/logback/logback-classic/1.2.3/logback-classic-1.2.3.jar:/Users/zhou/.m2/repository/ch/qos/logback/logback-core/1.2.3/logback-core-1.2.3.jar:/Users/zhou/.m2/repository/org/apache/logging/log4j/log4j-to-slf4j/2.10.0/log4j-to-slf4j-2.10.0.jar:/Users/zhou/.m2/repository/org/apache/logging/log4j/log4j-api/2.10.0/log4j-api-2.10.0.jar:/Users/zhou/.m2/repository/org/slf4j/jul-to-slf4j/1.7.25/jul-to-slf4j-1.7.25.jar:/Users/zhou/.m2/repository/javax/annotation/javax.annotation-api/1.3.2/javax.annotation-api-1.3.2.jar:/Users/zhou/.m2/repository/org/yaml/snakeyaml/1.19/snakeyaml-1.19.jar:/Users/zhou/.m2/repository/com/zaxxer/HikariCP/2.7.9/HikariCP-2.7.9.jar:/Users/zhou/.m2/repository/org/springframework/spring-jdbc/5.0.11.RELEASE/spring-jdbc-5.0.11.RELEASE.jar:/Users/zhou/.m2/repository/org/springframework/spring-tx/5.0.11.RELEASE/spring-tx-5.0.11.RELEASE.jar:/Users/zhou/.m2/repository/org/springframework/boot/spring-boot-devtools/2.0.7.RELEASE/spring-boot-devtools-2.0.7.RELEASE.jar:/Users/zhou/.m2/repository/org/springframework/boot/spring-boot/2.0.7.RELEASE/spring-boot-2.0.7.RELEASE.jar:/Users/zhou/.m2/repository/org/springframework/boot/spring-boot-autoconfigure/2.0.7.RELEASE/spring-boot-autoconfigure-2.0.7.RELEASE.jar:/Users/zhou/.m2/repository/org/springframework/boot/spring-boot-starter-security/2.0.7.RELEASE/spring-boot-starter-security-2.0.7.RELEASE.jar:/Users/zhou/.m2/repository/org/springframework/spring-aop/5.0.11.RELEASE/spring-aop-5.0.11.RELEASE.jar:/Users/zhou/.m2/repository/org/springframework/security/spring-security-config/5.0.10.RELEASE/spring-security-config-5.0.10.RELEASE.jar:/Users/zhou/.m2/repository/org/springframework/security/spring-security-web/5.0.10.RELEASE/spring-security-web-5.0.10.RELEASE.jar:/Users/zhou/.m2/repository/org/springframework/spring-expression/5.0.11.RELEASE/spring-expression-5.0.11.RELEASE.jar:/Users/zhou/.m2/repository/org/springframework/boot/spring-boot-starter-web/2.0.7.RELEASE/spring-boot-starter-web-2.0.7.RELEASE.jar:/Users/zhou/.m2/repository/org/springframework/boot/spring-boot-starter-json/2.0.7.RELEASE/spring-boot-starter-json-2.0.7.RELEASE.jar:/Users/zhou/.m2/repository/com/fasterxml/jackson/datatype/jackson-datatype-jdk8/2.9.7/jackson-datatype-jdk8-2.9.7.jar:/Users/zhou/.m2/repository/com/fasterxml/jackson/datatype/jackson-datatype-jsr310/2.9.7/jackson-datatype-jsr310-2.9.7.jar:/Users/zhou/.m2/repository/com/fasterxml/jackson/module/jackson-module-parameter-names/2.9.7/jackson-module-parameter-names-2.9.7.jar:/Users/zhou/.m2/repository/org/springframework/boot/spring-boot-starter-tomcat/2.0.7.RELEASE/spring-boot-starter-tomcat-2.0.7.RELEASE.jar:/Users/zhou/.m2/repository/org/apache/tomcat/embed/tomcat-embed-core/8.5.35/tomcat-embed-core-8.5.35.jar:/Users/zhou/.m2/repository/org/apache/tomcat/embed/tomcat-embed-el/8.5.35/tomcat-embed-el-8.5.35.jar:/Users/zhou/.m2/repository/org/apache/tomcat/embed/tomcat-embed-websocket/8.5.35/tomcat-embed-websocket-8.5.35.jar:/Users/zhou/.m2/repository/org/hibernate/validator/hibernate-validator/6.0.13.Final/hibernate-validator-6.0.13.Final.jar:/Users/zhou/.m2/repository/javax/validation/validation-api/2.0.1.Final/validation-api-2.0.1.Final.jar:/Users/zhou/.m2/repository/org/jboss/logging/jboss-logging/3.3.2.Final/jboss-logging-3.3.2.Final.jar:/Users/zhou/.m2/repository/org/springframework/spring-web/5.0.11.RELEASE/spring-web-5.0.11.RELEASE.jar:/Users/zhou/.m2/repository/org/springframework/spring-webmvc/5.0.11.RELEASE/spring-webmvc-5.0.11.RELEASE.jar:/Users/zhou/.m2/repository/org/springframework/boot/spring-boot-starter-mail/2.0.7.RELEASE/spring-boot-starter-mail-2.0.7.RELEASE.jar:/Users/zhou/.m2/repository/org/springframework/spring-context/5.0.11.RELEASE/spring-context-5.0.11.RELEASE.jar:/Users/zhou/.m2/repository/com/sun/mail/javax.mail/1.6.2/javax.mail-1.6.2.jar:/Users/zhou/.m2/repository/javax/activation/activation/1.1/activation-1.1.jar:/Users/zhou/.m2/repository/org/springframework/boot/spring-boot-starter-freemarker/2.0.7.RELEASE/spring-boot-starter-freemarker-2.0.7.RELEASE.jar:/Users/zhou/.m2/repository/org/freemarker/freemarker/2.3.28/freemarker-2.3.28.jar:/Users/zhou/.m2/repository/org/springframework/boot/spring-boot-configuration-processor/2.0.7.RELEASE/spring-boot-configuration-processor-2.0.7.RELEASE.jar:/Users/zhou/.m2/repository/org/springframework/boot/spring-boot-starter-data-redis/2.0.7.RELEASE/spring-boot-starter-data-redis-2.0.7.RELEASE.jar:/Users/zhou/.m2/repository/org/springframework/data/spring-data-redis/2.0.12.RELEASE/spring-data-redis-2.0.12.RELEASE.jar:/Users/zhou/.m2/repository/org/springframework/data/spring-data-keyvalue/2.0.12.RELEASE/spring-data-keyvalue-2.0.12.RELEASE.jar:/Users/zhou/.m2/repository/org/springframework/data/spring-data-commons/2.0.12.RELEASE/spring-data-commons-2.0.12.RELEASE.jar:/Users/zhou/.m2/repository/org/springframework/spring-oxm/5.0.11.RELEASE/spring-oxm-5.0.11.RELEASE.jar:/Users/zhou/.m2/repository/io/lettuce/lettuce-core/5.0.5.RELEASE/lettuce-core-5.0.5.RELEASE.jar:/Users/zhou/.m2/repository/io/projectreactor/reactor-core/3.1.12.RELEASE/reactor-core-3.1.12.RELEASE.jar:/Users/zhou/.m2/repository/org/reactivestreams/reactive-streams/1.0.2/reactive-streams-1.0.2.jar:/Users/zhou/.m2/repository/org/mybatis/spring/boot/mybatis-spring-boot-starter/1.3.2/mybatis-spring-boot-starter-1.3.2.jar:/Users/zhou/.m2/repository/org/mybatis/spring/boot/mybatis-spring-boot-autoconfigure/1.3.2/mybatis-spring-boot-autoconfigure-1.3.2.jar:/Users/zhou/.m2/repository/org/mybatis/mybatis/3.4.6/mybatis-3.4.6.jar:/Users/zhou/.m2/repository/org/mybatis/mybatis-spring/1.3.2/mybatis-spring-1.3.2.jar:/Users/zhou/.m2/repository/commons-io/commons-io/2.6/commons-io-2.6.jar:/Users/zhou/.m2/repository/mysql/mysql-connector-java/5.1.45/mysql-connector-java-5.1.45.jar:/Users/zhou/.m2/repository/org/projectlombok/lombok/1.18.10/lombok-1.18.10.jar:/Users/zhou/.m2/repository/org/springframework/boot/spring-boot-starter-test/2.0.7.RELEASE/spring-boot-starter-test-2.0.7.RELEASE.jar:/Users/zhou/.m2/repository/org/springframework/boot/spring-boot-test/2.0.7.RELEASE/spring-boot-test-2.0.7.RELEASE.jar:/Users/zhou/.m2/repository/org/springframework/boot/spring-boot-test-autoconfigure/2.0.7.RELEASE/spring-boot-test-autoconfigure-2.0.7.RELEASE.jar:/Users/zhou/.m2/repository/junit/junit/4.12/junit-4.12.jar:/Users/zhou/.m2/repository/org/assertj/assertj-core/3.9.1/assertj-core-3.9.1.jar:/Users/zhou/.m2/repository/org/mockito/mockito-core/2.15.0/mockito-core-2.15.0.jar:/Users/zhou/.m2/repository/net/bytebuddy/byte-buddy/1.7.11/byte-buddy-1.7.11.jar:/Users/zhou/.m2/repository/net/bytebuddy/byte-buddy-agent/1.7.11/byte-buddy-agent-1.7.11.jar:/Users/zhou/.m2/repository/org/objenesis/objenesis/2.6/objenesis-2.6.jar:/Users/zhou/.m2/repository/org/hamcrest/hamcrest-core/1.3/hamcrest-core-1.3.jar:/Users/zhou/.m2/repository/org/hamcrest/hamcrest-library/1.3/hamcrest-library-1.3.jar:/Users/zhou/.m2/repository/org/skyscreamer/jsonassert/1.5.0/jsonassert-1.5.0.jar:/Users/zhou/.m2/repository/com/vaadin/external/google/android-json/0.0.20131108.vaadin1/android-json-0.0.20131108.vaadin1.jar:/Users/zhou/.m2/repository/org/springframework/spring-core/5.0.11.RELEASE/spring-core-5.0.11.RELEASE.jar:/Users/zhou/.m2/repository/org/springframework/spring-jcl/5.0.11.RELEASE/spring-jcl-5.0.11.RELEASE.jar:/Users/zhou/.m2/repository/org/springframework/spring-test/5.0.11.RELEASE/spring-test-5.0.11.RELEASE.jar:/Users/zhou/.m2/repository/org/xmlunit/xmlunit-core/2.5.1/xmlunit-core-2.5.1.jar:/Users/zhou/.m2/repository/org/springframework/security/spring-security-test/5.0.10.RELEASE/spring-security-test-5.0.10.RELEASE.jar:/Users/zhou/.m2/repository/org/springframework/security/spring-security-core/5.0.10.RELEASE/spring-security-core-5.0.10.RELEASE.jar:/Users/zhou/.m2/repository/org/springframework/boot/spring-boot-starter-aop/2.0.7.RELEASE/spring-boot-starter-aop-2.0.7.RELEASE.jar:/Users/zhou/.m2/repository/org/aspectj/aspectjweaver/1.8.13/aspectjweaver-1.8.13.jar:/Users/zhou/.m2/repository/io/springfox/springfox-swagger2/2.9.2/springfox-swagger2-2.9.2.jar:/Users/zhou/.m2/repository/io/swagger/swagger-annotations/1.5.20/swagger-annotations-1.5.20.jar:/Users/zhou/.m2/repository/io/swagger/swagger-models/1.5.20/swagger-models-1.5.20.jar:/Users/zhou/.m2/repository/com/fasterxml/jackson/core/jackson-annotations/2.9.0/jackson-annotations-2.9.0.jar:/Users/zhou/.m2/repository/io/springfox/springfox-spi/2.9.2/springfox-spi-2.9.2.jar:/Users/zhou/.m2/repository/io/springfox/springfox-core/2.9.2/springfox-core-2.9.2.jar:/Users/zhou/.m2/repository/io/springfox/springfox-schema/2.9.2/springfox-schema-2.9.2.jar:/Users/zhou/.m2/repository/io/springfox/springfox-swagger-common/2.9.2/springfox-swagger-common-2.9.2.jar:/Users/zhou/.m2/repository/io/springfox/springfox-spring-web/2.9.2/springfox-spring-web-2.9.2.jar:/Users/zhou/.m2/repository/com/google/guava/guava/20.0/guava-20.0.jar:/Users/zhou/.m2/repository/com/fasterxml/classmate/1.3.4/classmate-1.3.4.jar:/Users/zhou/.m2/repository/org/slf4j/slf4j-api/1.7.25/slf4j-api-1.7.25.jar:/Users/zhou/.m2/repository/org/springframework/plugin/spring-plugin-core/1.2.0.RELEASE/spring-plugin-core-1.2.0.RELEASE.jar:/Users/zhou/.m2/repository/org/springframework/plugin/spring-plugin-metadata/1.2.0.RELEASE/spring-plugin-metadata-1.2.0.RELEASE.jar:/Users/zhou/.m2/repository/org/mapstruct/mapstruct/1.2.0.Final/mapstruct-1.2.0.Final.jar:/Users/zhou/.m2/repository/io/springfox/springfox-swagger-ui/2.9.2/springfox-swagger-ui-2.9.2.jar:/Users/zhou/.m2/repository/commons-codec/commons-codec/1.11/commons-codec-1.11.jar:/Users/zhou/.m2/repository/com/github/pagehelper/pagehelper-spring-boot-starter/1.2.5/pagehelper-spring-boot-starter-1.2.5.jar:/Users/zhou/.m2/repository/com/github/pagehelper/pagehelper-spring-boot-autoconfigure/1.2.5/pagehelper-spring-boot-autoconfigure-1.2.5.jar:/Users/zhou/.m2/repository/com/github/pagehelper/pagehelper/5.1.4/pagehelper-5.1.4.jar:/Users/zhou/.m2/repository/com/github/jsqlparser/jsqlparser/1.0/jsqlparser-1.0.jar:/Users/zhou/.m2/repository/com/alibaba/druid-spring-boot-starter/1.1.10/druid-spring-boot-starter-1.1.10.jar:/Users/zhou/.m2/repository/com/alibaba/druid/1.1.10/druid-1.1.10.jar:/Users/zhou/.m2/repository/com/alibaba/fastjson/1.2.60/fastjson-1.2.60.jar:/Users/zhou/.m2/repository/org/apache/commons/commons-lang3/3.7/commons-lang3-3.7.jar:/Users/zhou/.m2/repository/io/jsonwebtoken/jjwt/0.9.0/jjwt-0.9.0.jar:/Users/zhou/.m2/repository/com/fasterxml/jackson/core/jackson-databind/2.9.7/jackson-databind-2.9.7.jar:/Users/zhou/.m2/repository/com/fasterxml/jackson/core/jackson-core/2.9.7/jackson-core-2.9.7.jar:/Users/zhou/.m2/repository/org/apache/commons/commons-collections4/4.0/commons-collections4-4.0.jar:/Users/zhou/.m2/repository/org/quartz-scheduler/quartz/2.3.0/quartz-2.3.0.jar:/Users/zhou/.m2/repository/com/mchange/mchange-commons-java/0.2.11/mchange-commons-java-0.2.11.jar:/Users/zhou/.m2/repository/org/springframework/spring-context-support/5.0.11.RELEASE/spring-context-support-5.0.11.RELEASE.jar:/Users/zhou/.m2/repository/org/springframework/spring-beans/5.0.11.RELEASE/spring-beans-5.0.11.RELEASE.jar:/Users/zhou/.m2/repository/com/caucho/hessian/4.0.62/hessian-4.0.62.jar:/Users/zhou/.m2/repository/net/lingala/zip4j/zip4j/1.3.3/zip4j-1.3.3.jar:/Users/zhou/.m2/repository/dom4j/dom4j/1.6.1/dom4j-1.6.1.jar:/Users/zhou/.m2/repository/xml-apis/xml-apis/1.4.01/xml-apis-1.4.01.jar:/Users/zhou/.m2/repository/org/apache/commons/commons-text/1.8/commons-text-1.8.jar:/Users/zhou/.m2/repository/io/rest-assured/rest-assured/4.2.0/rest-assured-4.2.0.jar:/Users/zhou/.m2/repository/org/codehaus/groovy/groovy/2.4.15/groovy-2.4.15.jar:/Users/zhou/.m2/repository/org/codehaus/groovy/groovy-xml/2.4.15/groovy-xml-2.4.15.jar:/Users/zhou/.m2/repository/org/apache/httpcomponents/httpclient/4.5.6/httpclient-4.5.6.jar:/Users/zhou/.m2/repository/org/apache/httpcomponents/httpcore/4.4.10/httpcore-4.4.10.jar:/Users/zhou/.m2/repository/org/apache/httpcomponents/httpmime/4.5.6/httpmime-4.5.6.jar:/Users/zhou/.m2/repository/org/hamcrest/hamcrest/2.1/hamcrest-2.1.jar:/Users/zhou/.m2/repository/org/ccil/cowan/tagsoup/tagsoup/1.2.1/tagsoup-1.2.1.jar:/Users/zhou/.m2/repository/io/rest-assured/json-path/4.2.0/json-path-4.2.0.jar:/Users/zhou/.m2/repository/org/codehaus/groovy/groovy-json/2.4.15/groovy-json-2.4.15.jar:/Users/zhou/.m2/repository/io/rest-assured/rest-assured-common/4.2.0/rest-assured-common-4.2.0.jar:/Users/zhou/.m2/repository/io/rest-assured/xml-path/4.2.0/xml-path-4.2.0.jar:/Users/zhou/.m2/repository/jakarta/xml/bind/jakarta.xml.bind-api/2.3.2/jakarta.xml.bind-api-2.3.2.jar:/Users/zhou/.m2/repository/jakarta/activation/jakarta.activation-api/1.2.1/jakarta.activation-api-1.2.1.jar:/Users/zhou/.m2/repository/com/sun/xml/bind/jaxb-osgi/2.3.0.1/jaxb-osgi-2.3.0.1.jar:/Users/zhou/.m2/repository/org/apache/sling/org.apache.sling.javax.activation/0.1.0/org.apache.sling.javax.activation-0.1.0.jar:/Users/zhou/.m2/repository/org/jsoup/jsoup/1.12.1/jsoup-1.12.1.jar:/Users/zhou/.m2/repository/com/jayway/jsonpath/json-path/2.4.0/json-path-2.4.0.jar:/Users/zhou/.m2/repository/net/minidev/json-smart/2.3/json-smart-2.3.jar:/Users/zhou/.m2/repository/net/minidev/accessors-smart/1.2/accessors-smart-1.2.jar:/Users/zhou/.m2/repository/org/ow2/asm/asm/5.0.4/asm-5.0.4.jar:/Users/zhou/.m2/repository/org/mock-server/mockserver-netty/5.9.0/mockserver-netty-5.9.0.jar:/Users/zhou/.m2/repository/org/mock-server/mockserver-client-java/5.9.0/mockserver-client-java-5.9.0.jar:/Users/zhou/.m2/repository/org/mock-server/mockserver-core/5.9.0/mockserver-core-5.9.0.jar:/Users/zhou/.m2/repository/com/lmax/disruptor/3.4.2/disruptor-3.4.2.jar:/Users/zhou/.m2/repository/javax/servlet/javax.servlet-api/3.1.0/javax.servlet-api-3.1.0.jar:/Users/zhou/.m2/repository/io/netty/netty-codec-socks/4.1.31.Final/netty-codec-socks-4.1.31.Final.jar:/Users/zhou/.m2/repository/io/netty/netty-handler-proxy/4.1.31.Final/netty-handler-proxy-4.1.31.Final.jar:/Users/zhou/.m2/repository/com/jcraft/jzlib/1.1.3/jzlib-1.1.3.jar:/Users/zhou/.m2/repository/org/apache/velocity/velocity-engine-scripting/2.1/velocity-engine-scripting-2.1.jar:/Users/zhou/.m2/repository/org/apache/velocity/velocity-engine-core/2.1/velocity-engine-core-2.1.jar:/Users/zhou/.m2/repository/com/github/java-json-tools/json-schema-validator/2.2.11/json-schema-validator-2.2.11.jar:/Users/zhou/.m2/repository/com/github/java-json-tools/json-schema-core/1.2.10/json-schema-core-1.2.10.jar:/Users/zhou/.m2/repository/com/github/java-json-tools/jackson-coreutils/1.9/jackson-coreutils-1.9.jar:/Users/zhou/.m2/repository/com/github/fge/msg-simple/1.1/msg-simple-1.1.jar:/Users/zhou/.m2/repository/com/github/fge/btf/1.2/btf-1.2.jar:/Users/zhou/.m2/repository/com/github/fge/uri-template/0.9/uri-template-0.9.jar:/Users/zhou/.m2/repository/org/mozilla/rhino/1.7.7.1/rhino-1.7.7.1.jar:/Users/zhou/.m2/repository/com/sun/mail/mailapi/1.6.1/mailapi-1.6.1.jar:/Users/zhou/.m2/repository/joda-time/joda-time/2.9.9/joda-time-2.9.9.jar:/Users/zhou/.m2/repository/com/googlecode/libphonenumber/libphonenumber/8.0.0/libphonenumber-8.0.0.jar:/Users/zhou/.m2/repository/com/google/code/findbugs/jsr305/3.0.2/jsr305-3.0.2.jar:/Users/zhou/.m2/repository/net/sf/jopt-simple/jopt-simple/5.0.3/jopt-simple-5.0.3.jar:/Users/zhou/.m2/repository/javax/xml/bind/jaxb-api/2.3.1/jaxb-api-2.3.1.jar:/Users/zhou/.m2/repository/javax/activation/javax.activation-api/1.2.0/javax.activation-api-1.2.0.jar:/Users/zhou/.m2/repository/io/netty/netty-buffer/4.1.31.Final/netty-buffer-4.1.31.Final.jar:/Users/zhou/.m2/repository/io/netty/netty-codec/4.1.31.Final/netty-codec-4.1.31.Final.jar:/Users/zhou/.m2/repository/io/netty/netty-codec-http/4.1.31.Final/netty-codec-http-4.1.31.Final.jar:/Users/zhou/.m2/repository/io/netty/netty-common/4.1.31.Final/netty-common-4.1.31.Final.jar:/Users/zhou/.m2/repository/io/netty/netty-handler/4.1.31.Final/netty-handler-4.1.31.Final.jar:/Users/zhou/.m2/repository/io/netty/netty-transport/4.1.31.Final/netty-transport-4.1.31.Final.jar:/Users/zhou/.m2/repository/io/netty/netty-resolver/4.1.31.Final/netty-resolver-4.1.31.Final.jar:/Users/zhou/.m2/repository/org/influxdb/influxdb-java/2.17/influxdb-java-2.17.jar:/Users/zhou/.m2/repository/com/squareup/retrofit2/retrofit/2.6.2/retrofit-2.6.2.jar:/Users/zhou/.m2/repository/com/squareup/retrofit2/converter-moshi/2.6.2/converter-moshi-2.6.2.jar:/Users/zhou/.m2/repository/com/squareup/moshi/moshi/1.8.0/moshi-1.8.0.jar:/Users/zhou/.m2/repository/org/msgpack/msgpack-core/0.8.18/msgpack-core-0.8.18.jar:/Users/zhou/.m2/repository/com/squareup/okhttp3/okhttp/3.14.4/okhttp-3.14.4.jar:/Users/zhou/.m2/repository/com/squareup/okio/okio/1.17.2/okio-1.17.2.jar:/Users/zhou/.m2/repository/com/squareup/okhttp3/logging-interceptor/3.14.4/logging-interceptor-3.14.4.jar:/Users/zhou/.m2/repository/cn/hutool/hutool-all/5.3.5/hutool-all-5.3.5.jar:"/>
    <property name="sun.cpu.endian" value="little"/>
    <property name="user.home" value="/Users/zhou"/>
    <property name="user.language" value="zh"/>
    <property name="java.specification.vendor" value="Oracle Corporation"/>
    <property name="java.home" value="/Library/Java/JavaVirtualMachines/jdk1.8.0_211.jdk/Contents/Home/jre"/>
    <property name="basedir" value="/Users/zhou/IdeaProjects/rabbit_test_platform_server"/>
    <property name="file.separator" value="/"/>
    <property name="line.separator" value="&#10;"/>
    <property name="java.vm.specification.vendor" value="Oracle Corporation"/>
    <property name="java.specification.name" value="Java Platform API Specification"/>
    <property name="java.awt.graphicsenv" value="sun.awt.CGraphicsEnvironment"/>
    <property name="surefire.real.class.path" value="/Users/zhou/IdeaProjects/rabbit_test_platform_server/target/surefire/surefirebooter130307900348245558.jar"/>
    <property name="sun.boot.class.path" value="/Library/Java/JavaVirtualMachines/jdk1.8.0_211.jdk/Contents/Home/jre/lib/resources.jar:/Library/Java/JavaVirtualMachines/jdk1.8.0_211.jdk/Contents/Home/jre/lib/rt.jar:/Library/Java/JavaVirtualMachines/jdk1.8.0_211.jdk/Contents/Home/jre/lib/sunrsasign.jar:/Library/Java/JavaVirtualMachines/jdk1.8.0_211.jdk/Contents/Home/jre/lib/jsse.jar:/Library/Java/JavaVirtualMachines/jdk1.8.0_211.jdk/Contents/Home/jre/lib/jce.jar:/Library/Java/JavaVirtualMachines/jdk1.8.0_211.jdk/Contents/Home/jre/lib/charsets.jar:/Library/Java/JavaVirtualMachines/jdk1.8.0_211.jdk/Contents/Home/jre/lib/jfr.jar:/Library/Java/JavaVirtualMachines/jdk1.8.0_211.jdk/Contents/Home/jre/classes"/>
    <property name="sun.management.compiler" value="HotSpot 64-Bit Tiered Compilers"/>
    <property name="java.runtime.version" value="1.8.0_211-b12"/>
    <property name="user.name" value="zhou"/>
    <property name="path.separator" value=":"/>
    <property name="os.version" value="10.15.5"/>
    <property name="java.endorsed.dirs" value="/Library/Java/JavaVirtualMachines/jdk1.8.0_211.jdk/Contents/Home/jre/lib/endorsed"/>
    <property name="java.runtime.name" value="Java(TM) SE Runtime Environment"/>
    <property name="file.encoding" value="UTF-8"/>
    <property name="java.vm.name" value="Java HotSpot(TM) 64-Bit Server VM"/>
    <property name="localRepository" value="/Users/zhou/.m2/repository"/>
    <property name="java.vendor.url.bug" value="http://bugreport.sun.com/bugreport/"/>
    <property name="java.io.tmpdir" value="/var/folders/td/kw1y2wy13cb7vyrg2kx3xjgc0000gn/T/"/>
    <property name="java.version" value="1.8.0_211"/>
    <property name="user.dir" value="/Users/zhou/IdeaProjects/rabbit_test_platform_server"/>
    <property name="os.arch" value="x86_64"/>
    <property name="java.vm.specification.name" value="Java Virtual Machine Specification"/>
    <property name="java.awt.printerjob" value="sun.lwawt.macosx.CPrinterJob"/>
    <property name="sun.os.patch.level" value="unknown"/>
    <property name="java.library.path" value="/Users/zhou/Library/Java/Extensions:/Library/Java/Extensions:/Network/Library/Java/Extensions:/System/Library/Java/Extensions:/usr/lib/java:."/>
    <property name="java.vm.info" value="mixed mode"/>
    <property name="java.vendor" value="Oracle Corporation"/>
    <property name="java.vm.version" value="25.211-b12"/>
    <property name="java.ext.dirs" value="/Users/zhou/Library/Java/Extensions:/Library/Java/JavaVirtualMachines/jdk1.8.0_211.jdk/Contents/Home/jre/lib/ext:/Library/Java/Extensions:/Network/Library/Java/Extensions:/System/Library/Java/Extensions:/usr/lib/java"/>
    <property name="sun.io.unicode.encoding" value="UnicodeBig"/>
    <property name="java.class.version" value="52.0"/>
    <property name="maven.test.failure.ignore" value="true"/>
  </properties>
  <testcase name="setSendMailTest" classname="com.rabbit.rabbitplatformserver.RabbitPlatformServerApplicationTests" time="0.117"/>
  <testcase name="contextLoads" classname="com.rabbit.rabbitplatformserver.RabbitPlatformServerApplicationTests" time="0.056">
    <error message="用户不存在" type="java.lang.IllegalArgumentException">java.lang.IllegalArgumentException: 用户不存在
	at com.rabbit.rabbitplatformserver.RabbitPlatformServerApplicationTests.contextLoads(RabbitPlatformServerApplicationTests.java:35)
</error>
    <system-out><![CDATA[重置密码成功测试=====
2020-07-29 10:24:50,101 [main] DEBUG com.rabbit.dao.UserDao.getUser -[BaseJdbcLogger.java:159]- ==>  Preparing: select * from sys_user t where t.username = ? 
2020-07-29 10:24:50,103 [main] DEBUG com.rabbit.dao.UserDao.getUser -[BaseJdbcLogger.java:159]- ==> Parameters: test(String)
2020-07-29 10:24:50,118 [main] DEBUG com.rabbit.dao.UserDao.getUser -[BaseJdbcLogger.java:159]- <==      Total: 0
]]></system-out>
  </testcase>
  <testcase name="testReport" classname="com.rabbit.rabbitplatformserver.RabbitPlatformServerApplicationTests" time="0.324"/>
</testsuite>